<?xml version="1.0" encoding="UTF-8"?>
<!-- Generated by org.testng.reporters.JUnitReportReporter -->
<testsuite hostname="DESKTOP-23EG3CS" failures="0" tests="1" name="GuruProject.drierSelection" time="27.750" errors="0" timestamp="2024-05-28T09:53:25 IST" skipped="0">
  <testcase classname="GuruProject.drierSelection" name="setUp" time="27.750"/>
</testsuite> <!-- GuruProject.drierSelection -->
