<?xml version="1.0" encoding="UTF-8"?>
<!-- Generated by org.testng.reporters.JUnitReportReporter -->
<testsuite hostname="DESKTOP-23EG3CS" failures="0" tests="1" name="GuruProject.TestWebSite" time="2.637" errors="0" timestamp="2024-05-30T23:14:52 IST" skipped="0">
  <testcase classname="GuruProject.TestWebSite" name="launchURL" time="2.637"/>
</testsuite> <!-- GuruProject.TestWebSite -->
