<?xml version="1.0" encoding="UTF-8"?>
<!-- Generated by org.testng.reporters.JUnitReportReporter -->
<testsuite hostname="DESKTOP-23EG3CS" failures="0" tests="1" name="GuruProject.Test1AddTheReview" time="10.157" errors="0" timestamp="2024-05-31T18:46:27 IST" skipped="0">
  <testcase classname="GuruProject.Test1AddTheReview" name="AddReview" time="10.157"/>
</testsuite> <!-- GuruProject.Test1AddTheReview -->
